2025-07-24 23:57:15,072 - __main__ - INFO - Initiating ingestion from source (CustomerID)...
2025-07-24 23:57:18,116 - __main__ - ERROR - Ingestion failed...
Traceback (most recent call last):
  File "C:\Program Files\sudarshan\cs_ecommerce_data_vault\driver.py", line 27, in ingestion
    df_with_no_null.write.format("delta").mode("overwrite").save(f"delta/raw/{tableName}")
  File "C:\spark\python\lib\pyspark.zip\pyspark\sql\readwriter.py", line 1745, in save
    self._jwrite.save(path)
  File "C:\spark\python\lib\py4j-0.10.9.9-src.zip\py4j\java_gateway.py", line 1362, in __call__
    return_value = get_return_value(
                   ^^^^^^^^^^^^^^^^^
  File "C:\spark\python\lib\pyspark.zip\pyspark\errors\exceptions\captured.py", line 282, in deco
    return f(*a, **kw)
           ^^^^^^^^^^^
  File "C:\spark\python\lib\py4j-0.10.9.9-src.zip\py4j\protocol.py", line 327, in get_return_value
    raise Py4JJavaError(
py4j.protocol.Py4JJavaError: An error occurred while calling o58.save.
: com.google.common.util.concurrent.ExecutionError: java.lang.UnsatisfiedLinkError: 'boolean org.apache.hadoop.io.nativeio.NativeIO$Windows.access0(java.lang.String, int)'

	at com.google.common.cache.LocalCache$Segment.get(LocalCache.java:2084)

	at com.google.common.cache.LocalCache.get(LocalCache.java:4017)

	at com.google.common.cache.LocalCache$LocalManualCache.get(LocalCache.java:4898)

	at org.apache.spark.sql.delta.DeltaLog$.getDeltaLogFromCache$1(DeltaLog.scala:995)

	at org.apache.spark.sql.delta.DeltaLog$.initializeDeltaLog$1(DeltaLog.scala:1006)

	at org.apache.spark.sql.delta.DeltaLog$.apply(DeltaLog.scala:1017)

	at org.apache.spark.sql.delta.DeltaLog$.forTable(DeltaLog.scala:801)

	at org.apache.spark.sql.delta.sources.DeltaDataSource.createRelation(DeltaDataSource.scala:197)

	at org.apache.spark.sql.execution.datasources.SaveIntoDataSourceCommand.run(SaveIntoDataSourceCommand.scala:55)

	at org.apache.spark.sql.execution.command.ExecutedCommandExec.sideEffectResult$lzycompute(commands.scala:79)

	at org.apache.spark.sql.execution.command.ExecutedCommandExec.sideEffectResult(commands.scala:77)

	at org.apache.spark.sql.execution.command.ExecutedCommandExec.executeCollect(commands.scala:88)

	at org.apache.spark.sql.execution.QueryExecution.$anonfun$eagerlyExecuteCommands$2(QueryExecution.scala:155)

	at org.apache.spark.sql.execution.SQLExecution$.$anonfun$withNewExecutionId0$8(SQLExecution.scala:162)

	at org.apache.spark.sql.execution.SQLExecution$.withSessionTagsApplied(SQLExecution.scala:268)

	at org.apache.spark.sql.execution.SQLExecution$.$anonfun$withNewExecutionId0$7(SQLExecution.scala:124)

	at org.apache.spark.JobArtifactSet$.withActiveJobArtifactState(JobArtifactSet.scala:94)

	at org.apache.spark.sql.artifact.ArtifactManager.$anonfun$withResources$1(ArtifactManager.scala:112)

	at org.apache.spark.sql.artifact.ArtifactManager.withClassLoaderIfNeeded(ArtifactManager.scala:106)

	at org.apache.spark.sql.artifact.ArtifactManager.withResources(ArtifactManager.scala:111)

	at org.apache.spark.sql.execution.SQLExecution$.$anonfun$withNewExecutionId0$6(SQLExecution.scala:124)

	at org.apache.spark.sql.execution.SQLExecution$.withSQLConfPropagated(SQLExecution.scala:291)

	at org.apache.spark.sql.execution.SQLExecution$.$anonfun$withNewExecutionId0$1(SQLExecution.scala:123)

	at org.apache.spark.sql.SparkSession.withActive(SparkSession.scala:804)

	at org.apache.spark.sql.execution.SQLExecution$.withNewExecutionId0(SQLExecution.scala:77)

	at org.apache.spark.sql.execution.SQLExecution$.withNewExecutionId(SQLExecution.scala:233)

	at org.apache.spark.sql.execution.QueryExecution.$anonfun$eagerlyExecuteCommands$1(QueryExecution.scala:155)

	at org.apache.spark.sql.execution.QueryExecution$.withInternalError(QueryExecution.scala:654)

	at org.apache.spark.sql.execution.QueryExecution.org$apache$spark$sql$execution$QueryExecution$$eagerlyExecute$1(QueryExecution.scala:154)

	at org.apache.spark.sql.execution.QueryExecution$$anonfun$eagerlyExecuteCommands$3.applyOrElse(QueryExecution.scala:169)

	at org.apache.spark.sql.execution.QueryExecution$$anonfun$eagerlyExecuteCommands$3.applyOrElse(QueryExecution.scala:164)

	at org.apache.spark.sql.catalyst.trees.TreeNode.$anonfun$transformDownWithPruning$1(TreeNode.scala:470)

	at org.apache.spark.sql.catalyst.trees.CurrentOrigin$.withOrigin(origin.scala:86)

	at org.apache.spark.sql.catalyst.trees.TreeNode.transformDownWithPruning(TreeNode.scala:470)

	at org.apache.spark.sql.catalyst.plans.logical.LogicalPlan.org$apache$spark$sql$catalyst$plans$logical$AnalysisHelper$$super$transformDownWithPruning(LogicalPlan.scala:37)

	at org.apache.spark.sql.catalyst.plans.logical.AnalysisHelper.transformDownWithPruning(AnalysisHelper.scala:360)

	at org.apache.spark.sql.catalyst.plans.logical.AnalysisHelper.transformDownWithPruning$(AnalysisHelper.scala:356)

	at org.apache.spark.sql.catalyst.plans.logical.LogicalPlan.transformDownWithPruning(LogicalPlan.scala:37)

	at org.apache.spark.sql.catalyst.plans.logical.LogicalPlan.transformDownWithPruning(LogicalPlan.scala:37)

	at org.apache.spark.sql.catalyst.trees.TreeNode.transformDown(TreeNode.scala:446)

	at org.apache.spark.sql.execution.QueryExecution.eagerlyExecuteCommands(QueryExecution.scala:164)

	at org.apache.spark.sql.execution.QueryExecution.$anonfun$lazyCommandExecuted$1(QueryExecution.scala:126)

	at scala.util.Try$.apply(Try.scala:217)

	at org.apache.spark.util.Utils$.doTryWithCallerStacktrace(Utils.scala:1378)

	at org.apache.spark.util.Utils$.getTryWithCallerStacktrace(Utils.scala:1439)

	at org.apache.spark.util.LazyTry.get(LazyTry.scala:58)

	at org.apache.spark.sql.execution.QueryExecution.commandExecuted(QueryExecution.scala:131)

	at org.apache.spark.sql.execution.QueryExecution.assertCommandExecuted(QueryExecution.scala:192)

	at org.apache.spark.sql.classic.DataFrameWriter.runCommand(DataFrameWriter.scala:622)

	at org.apache.spark.sql.classic.DataFrameWriter.saveToV1Source(DataFrameWriter.scala:273)

	at org.apache.spark.sql.classic.DataFrameWriter.saveInternal(DataFrameWriter.scala:182)

	at org.apache.spark.sql.classic.DataFrameWriter.save(DataFrameWriter.scala:118)

	at java.base/jdk.internal.reflect.NativeMethodAccessorImpl.invoke0(Native Method)

	at java.base/jdk.internal.reflect.NativeMethodAccessorImpl.invoke(NativeMethodAccessorImpl.java:77)

	at java.base/jdk.internal.reflect.DelegatingMethodAccessorImpl.invoke(DelegatingMethodAccessorImpl.java:43)

	at java.base/java.lang.reflect.Method.invoke(Method.java:568)

	at py4j.reflection.MethodInvoker.invoke(MethodInvoker.java:244)

	at py4j.reflection.ReflectionEngine.invoke(ReflectionEngine.java:374)

	at py4j.Gateway.invoke(Gateway.java:282)

	at py4j.commands.AbstractCommand.invokeMethod(AbstractCommand.java:132)

	at py4j.commands.CallCommand.execute(CallCommand.java:79)

	at py4j.ClientServerConnection.waitForCommands(ClientServerConnection.java:184)

	at py4j.ClientServerConnection.run(ClientServerConnection.java:108)

	at java.base/java.lang.Thread.run(Thread.java:842)

	Suppressed: org.apache.spark.util.Utils$OriginalTryStackTraceException: Full stacktrace of original doTryWithCallerStacktrace caller

		at com.google.common.cache.LocalCache$Segment.get(LocalCache.java:2084)

		at com.google.common.cache.LocalCache.get(LocalCache.java:4017)

		at com.google.common.cache.LocalCache$LocalManualCache.get(LocalCache.java:4898)

		at org.apache.spark.sql.delta.DeltaLog$.getDeltaLogFromCache$1(DeltaLog.scala:995)

		at org.apache.spark.sql.delta.DeltaLog$.initializeDeltaLog$1(DeltaLog.scala:1006)

		at org.apache.spark.sql.delta.DeltaLog$.apply(DeltaLog.scala:1017)

		at org.apache.spark.sql.delta.DeltaLog$.forTable(DeltaLog.scala:801)

		at org.apache.spark.sql.delta.sources.DeltaDataSource.createRelation(DeltaDataSource.scala:197)

		at org.apache.spark.sql.execution.datasources.SaveIntoDataSourceCommand.run(SaveIntoDataSourceCommand.scala:55)

		at org.apache.spark.sql.execution.command.ExecutedCommandExec.sideEffectResult$lzycompute(commands.scala:79)

		at org.apache.spark.sql.execution.command.ExecutedCommandExec.sideEffectResult(commands.scala:77)

		at org.apache.spark.sql.execution.command.ExecutedCommandExec.executeCollect(commands.scala:88)

		at org.apache.spark.sql.execution.QueryExecution.$anonfun$eagerlyExecuteCommands$2(QueryExecution.scala:155)

		at org.apache.spark.sql.execution.SQLExecution$.$anonfun$withNewExecutionId0$8(SQLExecution.scala:162)

		at org.apache.spark.sql.execution.SQLExecution$.withSessionTagsApplied(SQLExecution.scala:268)

		at org.apache.spark.sql.execution.SQLExecution$.$anonfun$withNewExecutionId0$7(SQLExecution.scala:124)

		at org.apache.spark.JobArtifactSet$.withActiveJobArtifactState(JobArtifactSet.scala:94)

		at org.apache.spark.sql.artifact.ArtifactManager.$anonfun$withResources$1(ArtifactManager.scala:112)

		at org.apache.spark.sql.artifact.ArtifactManager.withClassLoaderIfNeeded(ArtifactManager.scala:106)

		at org.apache.spark.sql.artifact.ArtifactManager.withResources(ArtifactManager.scala:111)

		at org.apache.spark.sql.execution.SQLExecution$.$anonfun$withNewExecutionId0$6(SQLExecution.scala:124)

		at org.apache.spark.sql.execution.SQLExecution$.withSQLConfPropagated(SQLExecution.scala:291)

		at org.apache.spark.sql.execution.SQLExecution$.$anonfun$withNewExecutionId0$1(SQLExecution.scala:123)

		at org.apache.spark.sql.SparkSession.withActive(SparkSession.scala:804)

		at org.apache.spark.sql.execution.SQLExecution$.withNewExecutionId0(SQLExecution.scala:77)

		at org.apache.spark.sql.execution.SQLExecution$.withNewExecutionId(SQLExecution.scala:233)

		at org.apache.spark.sql.execution.QueryExecution.$anonfun$eagerlyExecuteCommands$1(QueryExecution.scala:155)

		at org.apache.spark.sql.execution.QueryExecution$.withInternalError(QueryExecution.scala:654)

		at org.apache.spark.sql.execution.QueryExecution.org$apache$spark$sql$execution$QueryExecution$$eagerlyExecute$1(QueryExecution.scala:154)

		at org.apache.spark.sql.execution.QueryExecution$$anonfun$eagerlyExecuteCommands$3.applyOrElse(QueryExecution.scala:169)

		at org.apache.spark.sql.execution.QueryExecution$$anonfun$eagerlyExecuteCommands$3.applyOrElse(QueryExecution.scala:164)

		at org.apache.spark.sql.catalyst.trees.TreeNode.$anonfun$transformDownWithPruning$1(TreeNode.scala:470)

		at org.apache.spark.sql.catalyst.trees.CurrentOrigin$.withOrigin(origin.scala:86)

		at org.apache.spark.sql.catalyst.trees.TreeNode.transformDownWithPruning(TreeNode.scala:470)

		at org.apache.spark.sql.catalyst.plans.logical.LogicalPlan.org$apache$spark$sql$catalyst$plans$logical$AnalysisHelper$$super$transformDownWithPruning(LogicalPlan.scala:37)

		at org.apache.spark.sql.catalyst.plans.logical.AnalysisHelper.transformDownWithPruning(AnalysisHelper.scala:360)

		at org.apache.spark.sql.catalyst.plans.logical.AnalysisHelper.transformDownWithPruning$(AnalysisHelper.scala:356)

		at org.apache.spark.sql.catalyst.plans.logical.LogicalPlan.transformDownWithPruning(LogicalPlan.scala:37)

		at org.apache.spark.sql.catalyst.plans.logical.LogicalPlan.transformDownWithPruning(LogicalPlan.scala:37)

		at org.apache.spark.sql.catalyst.trees.TreeNode.transformDown(TreeNode.scala:446)

		at org.apache.spark.sql.execution.QueryExecution.eagerlyExecuteCommands(QueryExecution.scala:164)

		at org.apache.spark.sql.execution.QueryExecution.$anonfun$lazyCommandExecuted$1(QueryExecution.scala:126)

		at scala.util.Try$.apply(Try.scala:217)

		at org.apache.spark.util.Utils$.doTryWithCallerStacktrace(Utils.scala:1378)

		at org.apache.spark.util.LazyTry.tryT$lzycompute(LazyTry.scala:46)

		at org.apache.spark.util.LazyTry.tryT(LazyTry.scala:46)

		... 19 more

Caused by: java.lang.UnsatisfiedLinkError: 'boolean org.apache.hadoop.io.nativeio.NativeIO$Windows.access0(java.lang.String, int)'

	at org.apache.hadoop.io.nativeio.NativeIO$Windows.access0(Native Method)

	at org.apache.hadoop.io.nativeio.NativeIO$Windows.access(NativeIO.java:817)

	at org.apache.hadoop.fs.FileUtil.canRead(FileUtil.java:1415)

	at org.apache.hadoop.fs.FileUtil.list(FileUtil.java:1620)

	at org.apache.hadoop.fs.RawLocalFileSystem.listStatus(RawLocalFileSystem.java:739)

	at org.apache.hadoop.fs.FileSystem.listStatus(FileSystem.java:2078)

	at org.apache.hadoop.fs.FileSystem.listStatus(FileSystem.java:2122)

	at org.apache.hadoop.fs.ChecksumFileSystem.listStatus(ChecksumFileSystem.java:961)

	at io.delta.storage.HadoopFileSystemLogStore.listFrom(HadoopFileSystemLogStore.java:59)

	at org.apache.spark.sql.delta.storage.LogStoreAdaptor.listFrom(LogStore.scala:497)

	at org.apache.spark.sql.delta.storage.DelegatingLogStore.listFrom(DelegatingLogStore.scala:130)

	at org.apache.spark.sql.delta.SnapshotManagement.listFrom(SnapshotManagement.scala:95)

	at org.apache.spark.sql.delta.SnapshotManagement.listFrom$(SnapshotManagement.scala:94)

	at org.apache.spark.sql.delta.DeltaLog.listFrom(DeltaLog.scala:79)

	at org.apache.spark.sql.delta.SnapshotManagement.listFromFileSystemInternal(SnapshotManagement.scala:121)

	at org.apache.spark.sql.delta.SnapshotManagement.listFromFileSystemInternal$(SnapshotManagement.scala:112)

	at org.apache.spark.sql.delta.DeltaLog.listFromFileSystemInternal(DeltaLog.scala:79)

	at org.apache.spark.sql.delta.SnapshotManagement.$anonfun$listDeltaCompactedDeltaCheckpointFilesAndLatestChecksumFile$1(SnapshotManagement.scala:179)

	at scala.Option.getOrElse(Option.scala:201)

	at org.apache.spark.sql.delta.SnapshotManagement.listDeltaCompactedDeltaCheckpointFilesAndLatestChecksumFile(SnapshotManagement.scala:174)

	at org.apache.spark.sql.delta.SnapshotManagement.listDeltaCompactedDeltaCheckpointFilesAndLatestChecksumFile$(SnapshotManagement.scala:168)

	at org.apache.spark.sql.delta.DeltaLog.listDeltaCompactedDeltaCheckpointFilesAndLatestChecksumFile(DeltaLog.scala:79)

	at org.apache.spark.sql.delta.SnapshotManagement.$anonfun$listDeltaCompactedDeltaAndCheckpointFiles$1(SnapshotManagement.scala:351)

	at org.apache.spark.sql.delta.metering.DeltaLogging.recordFrameProfile(DeltaLogging.scala:171)

	at org.apache.spark.sql.delta.metering.DeltaLogging.recordFrameProfile$(DeltaLogging.scala:169)

	at org.apache.spark.sql.delta.DeltaLog.recordFrameProfile(DeltaLog.scala:79)

	at org.apache.spark.sql.delta.metering.DeltaLogging.$anonfun$recordDeltaOperationInternal$1(DeltaLogging.scala:139)

	at com.databricks.spark.util.DatabricksLogging.recordOperation(DatabricksLogging.scala:128)

	at com.databricks.spark.util.DatabricksLogging.recordOperation$(DatabricksLogging.scala:117)

	at org.apache.spark.sql.delta.DeltaLog.recordOperation(DeltaLog.scala:79)

	at org.apache.spark.sql.delta.metering.DeltaLogging.recordDeltaOperationInternal(DeltaLogging.scala:138)

	at org.apache.spark.sql.delta.metering.DeltaLogging.recordDeltaOperation(DeltaLogging.scala:128)

	at org.apache.spark.sql.delta.metering.DeltaLogging.recordDeltaOperation$(DeltaLogging.scala:118)

	at org.apache.spark.sql.delta.DeltaLog.recordDeltaOperation(DeltaLog.scala:79)

	at org.apache.spark.sql.delta.SnapshotManagement.listDeltaCompactedDeltaAndCheckpointFiles(SnapshotManagement.scala:344)

	at org.apache.spark.sql.delta.SnapshotManagement.listDeltaCompactedDeltaAndCheckpointFiles$(SnapshotManagement.scala:338)

	at org.apache.spark.sql.delta.DeltaLog.listDeltaCompactedDeltaAndCheckpointFiles(DeltaLog.scala:79)

	at org.apache.spark.sql.delta.SnapshotManagement.createLogSegment(SnapshotManagement.scala:394)

	at org.apache.spark.sql.delta.SnapshotManagement.createLogSegment$(SnapshotManagement.scala:377)

	at org.apache.spark.sql.delta.DeltaLog.createLogSegment(DeltaLog.scala:79)

	at org.apache.spark.sql.delta.SnapshotManagement.$anonfun$createSnapshotAtInit$2(SnapshotManagement.scala:695)

	at scala.runtime.java8.JFunction0$mcV$sp.apply(JFunction0$mcV$sp.scala:18)

	at org.apache.spark.sql.delta.metering.DeltaLogging.recordFrameProfile(DeltaLogging.scala:171)

	at org.apache.spark.sql.delta.metering.DeltaLogging.recordFrameProfile$(DeltaLogging.scala:169)

	at org.apache.spark.sql.delta.DeltaLog.recordFrameProfile(DeltaLog.scala:79)

	at org.apache.spark.sql.delta.SnapshotManagement.$anonfun$createSnapshotAtInit$1(SnapshotManagement.scala:689)

	at scala.runtime.java8.JFunction0$mcV$sp.apply(JFunction0$mcV$sp.scala:18)

	at org.apache.spark.sql.delta.SnapshotManagement.withSnapshotLockInterruptibly(SnapshotManagement.scala:87)

	at org.apache.spark.sql.delta.SnapshotManagement.withSnapshotLockInterruptibly$(SnapshotManagement.scala:84)

	at org.apache.spark.sql.delta.DeltaLog.withSnapshotLockInterruptibly(DeltaLog.scala:79)

	at org.apache.spark.sql.delta.SnapshotManagement.createSnapshotAtInit(SnapshotManagement.scala:689)

	at org.apache.spark.sql.delta.SnapshotManagement.createSnapshotAtInit$(SnapshotManagement.scala:687)

	at org.apache.spark.sql.delta.DeltaLog.createSnapshotAtInit(DeltaLog.scala:79)

	at org.apache.spark.sql.delta.DeltaLog.<init>(DeltaLog.scala:135)

	at org.apache.spark.sql.delta.DeltaLog$.$anonfun$apply$4(DeltaLog.scala:979)

	at org.apache.spark.sql.catalyst.plans.logical.AnalysisHelper$.allowInvokingTransformsInAnalyzer(AnalysisHelper.scala:416)

	at org.apache.spark.sql.delta.DeltaLog$.$anonfun$apply$3(DeltaLog.scala:973)

	at org.apache.spark.sql.delta.metering.DeltaLogging.recordFrameProfile(DeltaLogging.scala:171)

	at org.apache.spark.sql.delta.metering.DeltaLogging.recordFrameProfile$(DeltaLogging.scala:169)

	at org.apache.spark.sql.delta.DeltaLog$.recordFrameProfile(DeltaLog.scala:693)

	at org.apache.spark.sql.delta.metering.DeltaLogging.$anonfun$recordDeltaOperationInternal$1(DeltaLogging.scala:139)

	at com.databricks.spark.util.DatabricksLogging.recordOperation(DatabricksLogging.scala:128)

	at com.databricks.spark.util.DatabricksLogging.recordOperation$(DatabricksLogging.scala:117)

	at org.apache.spark.sql.delta.DeltaLog$.recordOperation(DeltaLog.scala:693)

	at org.apache.spark.sql.delta.metering.DeltaLogging.recordDeltaOperationInternal(DeltaLogging.scala:138)

	at org.apache.spark.sql.delta.metering.DeltaLogging.recordDeltaOperation(DeltaLogging.scala:128)

	at org.apache.spark.sql.delta.metering.DeltaLogging.recordDeltaOperation$(DeltaLogging.scala:118)

	at org.apache.spark.sql.delta.DeltaLog$.recordDeltaOperation(DeltaLog.scala:693)

	at org.apache.spark.sql.delta.DeltaLog$.createDeltaLog$1(DeltaLog.scala:972)

	at org.apache.spark.sql.delta.DeltaLog$.$anonfun$apply$5(DeltaLog.scala:996)

	at com.google.common.cache.LocalCache$LocalManualCache$1.load(LocalCache.java:4903)

	at com.google.common.cache.LocalCache$LoadingValueReference.loadFuture(LocalCache.java:3574)

	at com.google.common.cache.LocalCache$Segment.loadSync(LocalCache.java:2316)

	at com.google.common.cache.LocalCache$Segment.lockedGetOrLoad(LocalCache.java:2190)

	at com.google.common.cache.LocalCache$Segment.get(LocalCache.java:2080)

	at com.google.common.cache.LocalCache.get(LocalCache.java:4017)

	at com.google.common.cache.LocalCache$LocalManualCache.get(LocalCache.java:4898)

	at org.apache.spark.sql.delta.DeltaLog$.getDeltaLogFromCache$1(DeltaLog.scala:995)

	at org.apache.spark.sql.delta.DeltaLog$.initializeDeltaLog$1(DeltaLog.scala:1006)

	at org.apache.spark.sql.delta.DeltaLog$.apply(DeltaLog.scala:1017)

	at org.apache.spark.sql.delta.DeltaLog$.forTable(DeltaLog.scala:801)

	at org.apache.spark.sql.delta.sources.DeltaDataSource.createRelation(DeltaDataSource.scala:197)

	at org.apache.spark.sql.execution.datasources.SaveIntoDataSourceCommand.run(SaveIntoDataSourceCommand.scala:55)

	at org.apache.spark.sql.execution.command.ExecutedCommandExec.sideEffectResult$lzycompute(commands.scala:79)

	at org.apache.spark.sql.execution.command.ExecutedCommandExec.sideEffectResult(commands.scala:77)

	at org.apache.spark.sql.execution.command.ExecutedCommandExec.executeCollect(commands.scala:88)

	at org.apache.spark.sql.execution.QueryExecution.$anonfun$eagerlyExecuteCommands$2(QueryExecution.scala:155)

	at org.apache.spark.sql.execution.SQLExecution$.$anonfun$withNewExecutionId0$8(SQLExecution.scala:162)

	at org.apache.spark.sql.execution.SQLExecution$.withSessionTagsApplied(SQLExecution.scala:268)

	at org.apache.spark.sql.execution.SQLExecution$.$anonfun$withNewExecutionId0$7(SQLExecution.scala:124)

	at org.apache.spark.JobArtifactSet$.withActiveJobArtifactState(JobArtifactSet.scala:94)

	at org.apache.spark.sql.artifact.ArtifactManager.$anonfun$withResources$1(ArtifactManager.scala:112)

	at org.apache.spark.sql.artifact.ArtifactManager.withClassLoaderIfNeeded(ArtifactManager.scala:106)

	at org.apache.spark.sql.artifact.ArtifactManager.withResources(ArtifactManager.scala:111)

	at org.apache.spark.sql.execution.SQLExecution$.$anonfun$withNewExecutionId0$6(SQLExecution.scala:124)

	at org.apache.spark.sql.execution.SQLExecution$.withSQLConfPropagated(SQLExecution.scala:291)

	at org.apache.spark.sql.execution.SQLExecution$.$anonfun$withNewExecutionId0$1(SQLExecution.scala:123)

	at org.apache.spark.sql.SparkSession.withActive(SparkSession.scala:804)

	at org.apache.spark.sql.execution.SQLExecution$.withNewExecutionId0(SQLExecution.scala:77)

	at org.apache.spark.sql.execution.SQLExecution$.withNewExecutionId(SQLExecution.scala:233)

	at org.apache.spark.sql.execution.QueryExecution.$anonfun$eagerlyExecuteCommands$1(QueryExecution.scala:155)

	at org.apache.spark.sql.execution.QueryExecution$.withInternalError(QueryExecution.scala:654)

	at org.apache.spark.sql.execution.QueryExecution.org$apache$spark$sql$execution$QueryExecution$$eagerlyExecute$1(QueryExecution.scala:154)

	at org.apache.spark.sql.execution.QueryExecution$$anonfun$eagerlyExecuteCommands$3.applyOrElse(QueryExecution.scala:169)

	at org.apache.spark.sql.execution.QueryExecution$$anonfun$eagerlyExecuteCommands$3.applyOrElse(QueryExecution.scala:164)

	at org.apache.spark.sql.catalyst.trees.TreeNode.$anonfun$transformDownWithPruning$1(TreeNode.scala:470)

	at org.apache.spark.sql.catalyst.trees.CurrentOrigin$.withOrigin(origin.scala:86)

	at org.apache.spark.sql.catalyst.trees.TreeNode.transformDownWithPruning(TreeNode.scala:470)

	at org.apache.spark.sql.catalyst.plans.logical.LogicalPlan.org$apache$spark$sql$catalyst$plans$logical$AnalysisHelper$$super$transformDownWithPruning(LogicalPlan.scala:37)

	at org.apache.spark.sql.catalyst.plans.logical.AnalysisHelper.transformDownWithPruning(AnalysisHelper.scala:360)

	at org.apache.spark.sql.catalyst.plans.logical.AnalysisHelper.transformDownWithPruning$(AnalysisHelper.scala:356)

	at org.apache.spark.sql.catalyst.plans.logical.LogicalPlan.transformDownWithPruning(LogicalPlan.scala:37)

	at org.apache.spark.sql.catalyst.plans.logical.LogicalPlan.transformDownWithPruning(LogicalPlan.scala:37)

	at org.apache.spark.sql.catalyst.trees.TreeNode.transformDown(TreeNode.scala:446)

	at org.apache.spark.sql.execution.QueryExecution.eagerlyExecuteCommands(QueryExecution.scala:164)

	at org.apache.spark.sql.execution.QueryExecution.$anonfun$lazyCommandExecuted$1(QueryExecution.scala:126)

	at scala.util.Try$.apply(Try.scala:217)

	at org.apache.spark.util.Utils$.doTryWithCallerStacktrace(Utils.scala:1378)

	at org.apache.spark.util.LazyTry.tryT$lzycompute(LazyTry.scala:46)

	at org.apache.spark.util.LazyTry.tryT(LazyTry.scala:46)

	... 19 more


2025-07-24 23:57:47,244 - __main__ - INFO - Initiating ingestion from source (CustomerID)...
2025-07-24 23:57:59,010 - __main__ - DEBUG - Data successfully ingested from source...
2025-07-24 23:57:59,010 - __main__ - INFO - Initiating ingestion from source (ProductID)...
2025-07-24 23:58:03,397 - __main__ - DEBUG - Data successfully ingested from source...
2025-07-24 23:58:03,397 - __main__ - INFO - Initiating ingestion from source (ReturnID)...
2025-07-24 23:58:07,341 - __main__ - DEBUG - Data successfully ingested from source...
2025-07-24 23:58:07,341 - __main__ - INFO - Initiating ingestion from source (OrderID)...
2025-07-24 23:58:11,453 - __main__ - DEBUG - Data successfully ingested from source...
2025-07-24 23:58:11,453 - hubs_links_sats - INFO - Creating Hub_customer...
2025-07-24 23:58:11,502 - hubs_links_sats - ERROR - Hub customer creating failed...
Traceback (most recent call last):
  File "C:\Program Files\sudarshan\cs_ecommerce_data_vault\hubs_links_sats.py", line 21, in hubCreator
    raw_df = spark.read.format("delta").load(input_path)
             ^^^^^^^^^^^^^^^^^^^^^^^^^^^^^^^^^^^^^^^^^^^
  File "C:\spark\python\lib\pyspark.zip\pyspark\sql\readwriter.py", line 311, in load
    return self._df(self._jreader.load(path))
                    ^^^^^^^^^^^^^^^^^^^^^^^^
  File "C:\spark\python\lib\py4j-0.10.9.9-src.zip\py4j\java_gateway.py", line 1362, in __call__
    return_value = get_return_value(
                   ^^^^^^^^^^^^^^^^^
  File "C:\spark\python\lib\pyspark.zip\pyspark\errors\exceptions\captured.py", line 282, in deco
    return f(*a, **kw)
           ^^^^^^^^^^^
  File "C:\spark\python\lib\py4j-0.10.9.9-src.zip\py4j\protocol.py", line 327, in get_return_value
    raise Py4JJavaError(
py4j.protocol.Py4JJavaError: An error occurred while calling o141.load.
: java.lang.UnsatisfiedLinkError: 'boolean org.apache.hadoop.io.nativeio.NativeIO$Windows.access0(java.lang.String, int)'

	at org.apache.hadoop.io.nativeio.NativeIO$Windows.access0(Native Method)

	at org.apache.hadoop.io.nativeio.NativeIO$Windows.access(NativeIO.java:817)

	at org.apache.hadoop.fs.FileUtil.canRead(FileUtil.java:1415)

	at org.apache.hadoop.fs.FileUtil.list(FileUtil.java:1620)

	at org.apache.hadoop.fs.RawLocalFileSystem.listStatus(RawLocalFileSystem.java:739)

	at org.apache.hadoop.fs.FileSystem.listStatus(FileSystem.java:2078)

	at org.apache.hadoop.fs.FileSystem.listStatus(FileSystem.java:2122)

	at org.apache.hadoop.fs.ChecksumFileSystem.listStatus(ChecksumFileSystem.java:961)

	at io.delta.storage.HadoopFileSystemLogStore.listFrom(HadoopFileSystemLogStore.java:59)

	at org.apache.spark.sql.delta.storage.LogStoreAdaptor.listFrom(LogStore.scala:497)

	at org.apache.spark.sql.delta.storage.DelegatingLogStore.listFrom(DelegatingLogStore.scala:130)

	at org.apache.spark.sql.delta.SnapshotManagement.listFrom(SnapshotManagement.scala:95)

	at org.apache.spark.sql.delta.SnapshotManagement.listFrom$(SnapshotManagement.scala:94)

	at org.apache.spark.sql.delta.DeltaLog.listFrom(DeltaLog.scala:79)

	at org.apache.spark.sql.delta.SnapshotManagement.listFromFileSystemInternal(SnapshotManagement.scala:121)

	at org.apache.spark.sql.delta.SnapshotManagement.listFromFileSystemInternal$(SnapshotManagement.scala:112)

	at org.apache.spark.sql.delta.DeltaLog.listFromFileSystemInternal(DeltaLog.scala:79)

	at org.apache.spark.sql.delta.SnapshotManagement.$anonfun$listDeltaCompactedDeltaCheckpointFilesAndLatestChecksumFile$1(SnapshotManagement.scala:179)

	at scala.Option.getOrElse(Option.scala:201)

	at org.apache.spark.sql.delta.SnapshotManagement.listDeltaCompactedDeltaCheckpointFilesAndLatestChecksumFile(SnapshotManagement.scala:174)

	at org.apache.spark.sql.delta.SnapshotManagement.listDeltaCompactedDeltaCheckpointFilesAndLatestChecksumFile$(SnapshotManagement.scala:168)

	at org.apache.spark.sql.delta.DeltaLog.listDeltaCompactedDeltaCheckpointFilesAndLatestChecksumFile(DeltaLog.scala:79)

	at org.apache.spark.sql.delta.SnapshotManagement.$anonfun$listDeltaCompactedDeltaAndCheckpointFiles$1(SnapshotManagement.scala:351)

	at org.apache.spark.sql.delta.metering.DeltaLogging.recordFrameProfile(DeltaLogging.scala:171)

	at org.apache.spark.sql.delta.metering.DeltaLogging.recordFrameProfile$(DeltaLogging.scala:169)

	at org.apache.spark.sql.delta.DeltaLog.recordFrameProfile(DeltaLog.scala:79)

	at org.apache.spark.sql.delta.metering.DeltaLogging.$anonfun$recordDeltaOperationInternal$1(DeltaLogging.scala:139)

	at com.databricks.spark.util.DatabricksLogging.recordOperation(DatabricksLogging.scala:128)

	at com.databricks.spark.util.DatabricksLogging.recordOperation$(DatabricksLogging.scala:117)

	at org.apache.spark.sql.delta.DeltaLog.recordOperation(DeltaLog.scala:79)

	at org.apache.spark.sql.delta.metering.DeltaLogging.recordDeltaOperationInternal(DeltaLogging.scala:138)

	at org.apache.spark.sql.delta.metering.DeltaLogging.recordDeltaOperation(DeltaLogging.scala:128)

	at org.apache.spark.sql.delta.metering.DeltaLogging.recordDeltaOperation$(DeltaLogging.scala:118)

	at org.apache.spark.sql.delta.DeltaLog.recordDeltaOperation(DeltaLog.scala:79)

	at org.apache.spark.sql.delta.SnapshotManagement.listDeltaCompactedDeltaAndCheckpointFiles(SnapshotManagement.scala:344)

	at org.apache.spark.sql.delta.SnapshotManagement.listDeltaCompactedDeltaAndCheckpointFiles$(SnapshotManagement.scala:338)

	at org.apache.spark.sql.delta.DeltaLog.listDeltaCompactedDeltaAndCheckpointFiles(DeltaLog.scala:79)

	at org.apache.spark.sql.delta.SnapshotManagement.createLogSegment(SnapshotManagement.scala:394)

	at org.apache.spark.sql.delta.SnapshotManagement.createLogSegment$(SnapshotManagement.scala:377)

	at org.apache.spark.sql.delta.DeltaLog.createLogSegment(DeltaLog.scala:79)

	at org.apache.spark.sql.delta.SnapshotManagement.createLogSegment(SnapshotManagement.scala:410)

	at org.apache.spark.sql.delta.SnapshotManagement.$anonfun$updateInternal$1(SnapshotManagement.scala:1148)

	at org.apache.spark.sql.delta.metering.DeltaLogging.recordFrameProfile(DeltaLogging.scala:171)

	at org.apache.spark.sql.delta.metering.DeltaLogging.recordFrameProfile$(DeltaLogging.scala:169)

	at org.apache.spark.sql.delta.DeltaLog.recordFrameProfile(DeltaLog.scala:79)

	at org.apache.spark.sql.delta.metering.DeltaLogging.$anonfun$recordDeltaOperationInternal$1(DeltaLogging.scala:139)

	at com.databricks.spark.util.DatabricksLogging.recordOperation(DatabricksLogging.scala:128)

	at com.databricks.spark.util.DatabricksLogging.recordOperation$(DatabricksLogging.scala:117)

	at org.apache.spark.sql.delta.DeltaLog.recordOperation(DeltaLog.scala:79)

	at org.apache.spark.sql.delta.metering.DeltaLogging.recordDeltaOperationInternal(DeltaLogging.scala:138)

	at org.apache.spark.sql.delta.metering.DeltaLogging.recordDeltaOperation(DeltaLogging.scala:128)

	at org.apache.spark.sql.delta.metering.DeltaLogging.recordDeltaOperation$(DeltaLogging.scala:118)

	at org.apache.spark.sql.delta.DeltaLog.recordDeltaOperation(DeltaLog.scala:79)

	at org.apache.spark.sql.delta.SnapshotManagement.updateInternal(SnapshotManagement.scala:1141)

	at org.apache.spark.sql.delta.SnapshotManagement.updateInternal$(SnapshotManagement.scala:1138)

	at org.apache.spark.sql.delta.DeltaLog.updateInternal(DeltaLog.scala:79)

	at org.apache.spark.sql.delta.SnapshotManagement.$anonfun$update$3(SnapshotManagement.scala:1084)

	at org.apache.spark.sql.delta.SnapshotManagement.withSnapshotLockInterruptibly(SnapshotManagement.scala:87)

	at org.apache.spark.sql.delta.SnapshotManagement.withSnapshotLockInterruptibly$(SnapshotManagement.scala:84)

	at org.apache.spark.sql.delta.DeltaLog.withSnapshotLockInterruptibly(DeltaLog.scala:79)

	at org.apache.spark.sql.delta.SnapshotManagement.$anonfun$update$2(SnapshotManagement.scala:1081)

	at org.apache.spark.sql.delta.metering.DeltaLogging.recordFrameProfile(DeltaLogging.scala:171)

	at org.apache.spark.sql.delta.metering.DeltaLogging.recordFrameProfile$(DeltaLogging.scala:169)

	at org.apache.spark.sql.delta.DeltaLog.recordFrameProfile(DeltaLog.scala:79)

	at org.apache.spark.sql.delta.SnapshotManagement.update(SnapshotManagement.scala:1081)

	at org.apache.spark.sql.delta.SnapshotManagement.update$(SnapshotManagement.scala:1048)

	at org.apache.spark.sql.delta.DeltaLog.update(DeltaLog.scala:79)

	at org.apache.spark.sql.delta.catalog.DeltaTableV2.$anonfun$initialSnapshot$4(DeltaTableV2.scala:191)

	at scala.Option.getOrElse(Option.scala:201)

	at org.apache.spark.sql.delta.catalog.DeltaTableV2.$anonfun$initialSnapshot$1(DeltaTableV2.scala:188)

	at org.apache.spark.sql.delta.catalog.DeltaTableV2$.withEnrichedUnsupportedTableException(DeltaTableV2.scala:513)

	at org.apache.spark.sql.delta.catalog.DeltaTableV2.initialSnapshot$lzycompute(DeltaTableV2.scala:187)

	at org.apache.spark.sql.delta.catalog.DeltaTableV2.initialSnapshot(DeltaTableV2.scala:167)

	at org.apache.spark.sql.delta.catalog.DeltaTableV2.toBaseRelation$lzycompute(DeltaTableV2.scala:287)

	at org.apache.spark.sql.delta.catalog.DeltaTableV2.toBaseRelation(DeltaTableV2.scala:285)

	at org.apache.spark.sql.delta.sources.DeltaDataSource.$anonfun$createRelation$5(DeltaDataSource.scala:257)

	at org.apache.spark.sql.delta.metering.DeltaLogging.recordFrameProfile(DeltaLogging.scala:171)

	at org.apache.spark.sql.delta.metering.DeltaLogging.recordFrameProfile$(DeltaLogging.scala:169)

	at org.apache.spark.sql.delta.sources.DeltaDataSource.recordFrameProfile(DeltaDataSource.scala:51)

	at org.apache.spark.sql.delta.sources.DeltaDataSource.createRelation(DeltaDataSource.scala:217)

	at org.apache.spark.sql.execution.datasources.DataSource.resolveRelation(DataSource.scala:361)

	at org.apache.spark.sql.catalyst.analysis.ResolveDataSource.org$apache$spark$sql$catalyst$analysis$ResolveDataSource$$loadV1BatchSource(ResolveDataSource.scala:143)

	at org.apache.spark.sql.catalyst.analysis.ResolveDataSource$$anonfun$apply$1.$anonfun$applyOrElse$2(ResolveDataSource.scala:61)

	at scala.Option.getOrElse(Option.scala:201)

	at org.apache.spark.sql.catalyst.analysis.ResolveDataSource$$anonfun$apply$1.applyOrElse(ResolveDataSource.scala:61)

	at org.apache.spark.sql.catalyst.analysis.ResolveDataSource$$anonfun$apply$1.applyOrElse(ResolveDataSource.scala:45)

	at org.apache.spark.sql.catalyst.plans.logical.AnalysisHelper.$anonfun$resolveOperatorsUpWithPruning$3(AnalysisHelper.scala:139)

	at org.apache.spark.sql.catalyst.trees.CurrentOrigin$.withOrigin(origin.scala:86)

	at org.apache.spark.sql.catalyst.plans.logical.AnalysisHelper.$anonfun$resolveOperatorsUpWithPruning$1(AnalysisHelper.scala:139)

	at org.apache.spark.sql.catalyst.plans.logical.AnalysisHelper$.allowInvokingTransformsInAnalyzer(AnalysisHelper.scala:416)

	at org.apache.spark.sql.catalyst.plans.logical.AnalysisHelper.resolveOperatorsUpWithPruning(AnalysisHelper.scala:135)

	at org.apache.spark.sql.catalyst.plans.logical.AnalysisHelper.resolveOperatorsUpWithPruning$(AnalysisHelper.scala:131)

	at org.apache.spark.sql.catalyst.plans.logical.LogicalPlan.resolveOperatorsUpWithPruning(LogicalPlan.scala:37)

	at org.apache.spark.sql.catalyst.plans.logical.AnalysisHelper.resolveOperatorsUp(AnalysisHelper.scala:112)

	at org.apache.spark.sql.catalyst.plans.logical.AnalysisHelper.resolveOperatorsUp$(AnalysisHelper.scala:111)

	at org.apache.spark.sql.catalyst.plans.logical.LogicalPlan.resolveOperatorsUp(LogicalPlan.scala:37)

	at org.apache.spark.sql.catalyst.analysis.ResolveDataSource.apply(ResolveDataSource.scala:45)

	at org.apache.spark.sql.catalyst.analysis.ResolveDataSource.apply(ResolveDataSource.scala:43)

	at org.apache.spark.sql.catalyst.rules.RuleExecutor.$anonfun$execute$2(RuleExecutor.scala:242)

	at scala.collection.LinearSeqOps.foldLeft(LinearSeq.scala:183)

	at scala.collection.LinearSeqOps.foldLeft$(LinearSeq.scala:179)

	at scala.collection.immutable.List.foldLeft(List.scala:79)

	at org.apache.spark.sql.catalyst.rules.RuleExecutor.$anonfun$execute$1(RuleExecutor.scala:239)

	at org.apache.spark.sql.catalyst.rules.RuleExecutor.$anonfun$execute$1$adapted(RuleExecutor.scala:231)

	at scala.collection.immutable.List.foreach(List.scala:334)

	at org.apache.spark.sql.catalyst.rules.RuleExecutor.execute(RuleExecutor.scala:231)

	at org.apache.spark.sql.catalyst.analysis.Analyzer.org$apache$spark$sql$catalyst$analysis$Analyzer$$executeSameContext(Analyzer.scala:290)

	at org.apache.spark.sql.catalyst.analysis.Analyzer.$anonfun$execute$1(Analyzer.scala:286)

	at org.apache.spark.sql.catalyst.analysis.AnalysisContext$.withNewAnalysisContext(Analyzer.scala:234)

	at org.apache.spark.sql.catalyst.analysis.Analyzer.execute(Analyzer.scala:286)

	at org.apache.spark.sql.catalyst.analysis.Analyzer.execute(Analyzer.scala:249)

	at org.apache.spark.sql.catalyst.rules.RuleExecutor.$anonfun$executeAndTrack$1(RuleExecutor.scala:201)

	at org.apache.spark.sql.catalyst.QueryPlanningTracker$.withTracker(QueryPlanningTracker.scala:89)

	at org.apache.spark.sql.catalyst.rules.RuleExecutor.executeAndTrack(RuleExecutor.scala:201)

	at org.apache.spark.sql.catalyst.analysis.resolver.HybridAnalyzer.resolveInFixedPoint(HybridAnalyzer.scala:190)

	at org.apache.spark.sql.catalyst.analysis.resolver.HybridAnalyzer.$anonfun$apply$1(HybridAnalyzer.scala:76)

	at org.apache.spark.sql.catalyst.analysis.resolver.HybridAnalyzer.withTrackedAnalyzerBridgeState(HybridAnalyzer.scala:111)

	at org.apache.spark.sql.catalyst.analysis.resolver.HybridAnalyzer.apply(HybridAnalyzer.scala:71)

	at org.apache.spark.sql.catalyst.analysis.Analyzer.$anonfun$executeAndCheck$1(Analyzer.scala:280)

	at org.apache.spark.sql.catalyst.plans.logical.AnalysisHelper$.markInAnalyzer(AnalysisHelper.scala:423)

	at org.apache.spark.sql.catalyst.analysis.Analyzer.executeAndCheck(Analyzer.scala:280)

	at org.apache.spark.sql.execution.QueryExecution.$anonfun$lazyAnalyzed$2(QueryExecution.scala:110)

	at org.apache.spark.sql.catalyst.QueryPlanningTracker.measurePhase(QueryPlanningTracker.scala:148)

	at org.apache.spark.sql.execution.QueryExecution.$anonfun$executePhase$2(QueryExecution.scala:278)

	at org.apache.spark.sql.execution.QueryExecution$.withInternalError(QueryExecution.scala:654)

	at org.apache.spark.sql.execution.QueryExecution.$anonfun$executePhase$1(QueryExecution.scala:278)

	at org.apache.spark.sql.SparkSession.withActive(SparkSession.scala:804)

	at org.apache.spark.sql.execution.QueryExecution.executePhase(QueryExecution.scala:277)

	at org.apache.spark.sql.execution.QueryExecution.$anonfun$lazyAnalyzed$1(QueryExecution.scala:110)

	at scala.util.Try$.apply(Try.scala:217)

	at org.apache.spark.util.Utils$.doTryWithCallerStacktrace(Utils.scala:1378)

	at org.apache.spark.util.LazyTry.tryT$lzycompute(LazyTry.scala:46)

	at org.apache.spark.util.LazyTry.tryT(LazyTry.scala:46)

	at org.apache.spark.util.LazyTry.get(LazyTry.scala:58)

	at org.apache.spark.sql.execution.QueryExecution.analyzed(QueryExecution.scala:121)

	at org.apache.spark.sql.execution.QueryExecution.assertAnalyzed(QueryExecution.scala:80)

	at org.apache.spark.sql.classic.Dataset$.$anonfun$ofRows$1(Dataset.scala:115)

	at org.apache.spark.sql.SparkSession.withActive(SparkSession.scala:804)

	at org.apache.spark.sql.classic.Dataset$.ofRows(Dataset.scala:113)

	at org.apache.spark.sql.classic.DataFrameReader.load(DataFrameReader.scala:109)

	at org.apache.spark.sql.classic.DataFrameReader.load(DataFrameReader.scala:100)

	at java.base/jdk.internal.reflect.NativeMethodAccessorImpl.invoke0(Native Method)

	at java.base/jdk.internal.reflect.NativeMethodAccessorImpl.invoke(NativeMethodAccessorImpl.java:77)

	at java.base/jdk.internal.reflect.DelegatingMethodAccessorImpl.invoke(DelegatingMethodAccessorImpl.java:43)

	at java.base/java.lang.reflect.Method.invoke(Method.java:568)

	at py4j.reflection.MethodInvoker.invoke(MethodInvoker.java:244)

	at py4j.reflection.ReflectionEngine.invoke(ReflectionEngine.java:374)

	at py4j.Gateway.invoke(Gateway.java:282)

	at py4j.commands.AbstractCommand.invokeMethod(AbstractCommand.java:132)

	at py4j.commands.CallCommand.execute(CallCommand.java:79)

	at py4j.ClientServerConnection.waitForCommands(ClientServerConnection.java:184)

	at py4j.ClientServerConnection.run(ClientServerConnection.java:108)

	at java.base/java.lang.Thread.run(Thread.java:842)


2025-07-25 00:02:22,609 - __main__ - INFO - Initiating ingestion from source (CustomerID)...
2025-07-25 00:02:42,211 - __main__ - DEBUG - Data successfully ingested from source...
2025-07-25 00:02:42,211 - __main__ - INFO - Initiating ingestion from source (ProductID)...
2025-07-25 00:02:47,108 - __main__ - DEBUG - Data successfully ingested from source...
2025-07-25 00:02:47,108 - __main__ - INFO - Initiating ingestion from source (ReturnID)...
2025-07-25 00:02:51,316 - __main__ - DEBUG - Data successfully ingested from source...
2025-07-25 00:02:51,316 - __main__ - INFO - Initiating ingestion from source (OrderID)...
2025-07-25 00:02:55,245 - __main__ - DEBUG - Data successfully ingested from source...
2025-07-25 00:02:55,248 - hubs_links_sats - INFO - Creating Hub_customer...
2025-07-25 00:02:58,264 - hubs_links_sats - DEBUG - Hub_customer successfully created!
2025-07-25 00:02:58,264 - hubs_links_sats - INFO - Creating Hub_productCatalog...
2025-07-25 00:03:00,611 - hubs_links_sats - DEBUG - Hub_productCatalog successfully created!
2025-07-25 00:03:00,611 - hubs_links_sats - INFO - Creating Hub_salesOrder...
2025-07-25 00:03:03,058 - hubs_links_sats - DEBUG - Hub_salesOrder successfully created!
2025-07-25 00:03:03,058 - hubs_links_sats - INFO - Creating Link-salesOrder...
2025-07-25 00:03:04,976 - hubs_links_sats - DEBUG - Link link-order-customer-product successfully created!
2025-07-25 00:03:04,976 - hubs_links_sats - INFO - Creating Link-returnsRefunds...
2025-07-25 00:03:07,320 - hubs_links_sats - DEBUG - Link link-return-order-product-customer successfully created!
2025-07-25 00:03:07,320 - hubs_links_sats - INFO - Creating Satellite customer...
2025-07-25 00:03:09,207 - hubs_links_sats - DEBUG - Satellite sat_customer successfully created!
2025-07-25 00:03:09,207 - hubs_links_sats - INFO - Creating Satellite salesOrder...
2025-07-25 00:03:11,109 - hubs_links_sats - DEBUG - Satellite sat_salesOrder successfully created!
2025-07-25 00:03:11,109 - hubs_links_sats - INFO - Creating Satellite productCatalog...
2025-07-25 00:03:12,986 - hubs_links_sats - DEBUG - Satellite sat_productCatalog successfully created!
2025-07-25 00:03:12,986 - hubs_links_sats - INFO - Creating Satellite returnsRefunds...
2025-07-25 00:03:14,870 - hubs_links_sats - DEBUG - Satellite sat_returnsRefunds successfully created!