**log when a NEW CUSTOMER and a NEW ORDER was introduced. Only Customers/SalesOrder are merged/updated.**


2025-07-26 23:57:52,348 - __main__ - INFO - Initiating ingestion from source (CustomerID)...
2025-07-26 23:58:07,829 - __main__ - DEBUG - Data successfully ingested from source...
2025-07-26 23:58:07,829 - __main__ - INFO - Verifying ingestion for customer ...
2025-07-26 23:58:09,755 - __main__ - INFO - Initiating ingestion from source (ProductID)...
2025-07-26 23:58:15,417 - __main__ - DEBUG - Data successfully ingested from source...
2025-07-26 23:58:15,417 - __main__ - INFO - Verifying ingestion for productCatalog ...
2025-07-26 23:58:16,605 - __main__ - INFO - Initiating ingestion from source (ReturnID)...
2025-07-26 23:58:21,518 - __main__ - DEBUG - Data successfully ingested from source...
2025-07-26 23:58:21,518 - __main__ - INFO - Verifying ingestion for returnsRefunds ...
2025-07-26 23:58:22,658 - __main__ - INFO - Initiating ingestion from source (OrderID)...
2025-07-26 23:58:27,762 - __main__ - DEBUG - Data successfully ingested from source...
2025-07-26 23:58:27,762 - __main__ - INFO - Verifying ingestion for salesOrder ...
2025-07-26 23:58:28,917 - gdpr - INFO - Initiating PII Masking of Data...
2025-07-26 23:58:28,919 - gdpr - INFO - Masking column 'CustomerName' using method 'redact'
2025-07-26 23:58:28,921 - gdpr - INFO - Successfully masked column 'CustomerName'
2025-07-26 23:58:28,925 - gdpr - INFO - Masking column 'Email' using method 'hash'
2025-07-26 23:58:28,943 - gdpr - INFO - Successfully masked column 'Email'
2025-07-26 23:58:31,336 - gdpr - INFO - Completed PII masking for all specified columns.
2025-07-26 23:58:33,932 - __main__ - INFO - Optimizing columns: ['CustomerID'] ...
2025-07-26 23:58:37,709 - __main__ - DEBUG - Optimzation successful for columns ['CustomerID']
2025-07-26 23:58:37,709 - __main__ - INFO - Optimizing columns: ['ProductID'] ...
2025-07-26 23:58:41,472 - __main__ - DEBUG - Optimzation successful for columns ['ProductID']
2025-07-26 23:58:41,472 - __main__ - INFO - Optimizing columns: ['ReturnID'] ...
2025-07-26 23:58:45,114 - __main__ - DEBUG - Optimzation successful for columns ['ReturnID']
2025-07-26 23:58:45,114 - __main__ - INFO - Optimizing columns: ['OrderID'] ...
2025-07-26 23:58:48,642 - __main__ - DEBUG - Optimzation successful for columns ['OrderID']
2025-07-26 23:58:48,642 - hubs_links_sats - INFO - Creating Hub_customer...
2025-07-26 23:58:55,696 - hubs_links_sats - DEBUG - Hub_customer successfully updated/merged!
2025-07-26 23:58:55,696 - hubs_links_sats - INFO - Creating Hub_productCatalog...
2025-07-26 23:58:58,134 - hubs_links_sats - INFO - No changes detected for Hub_productCatalog. Skipping merge.
2025-07-26 23:58:58,134 - hubs_links_sats - INFO - Creating Hub_salesOrder...
2025-07-26 23:59:03,825 - hubs_links_sats - DEBUG - Hub_salesOrder successfully updated/merged!
2025-07-26 23:59:04,060 - hubs_links_sats - INFO - Creating Link-salesOrder...
2025-07-26 23:59:08,934 - hubs_links_sats - DEBUG - Link link-order-customer-product successfully updated/merged!
2025-07-26 23:59:08,934 - hubs_links_sats - INFO - Creating Link-returnsRefunds...
2025-07-26 23:59:11,495 - hubs_links_sats - INFO - No changes detected for link_link-return-order-product-customer. Skipping merge.
2025-07-26 23:59:11,495 - hubs_links_sats - INFO - Creating Satellite customer...
2025-07-26 23:59:16,359 - hubs_links_sats - DEBUG - Satellite sat_customer successfully updated/merged!
2025-07-26 23:59:16,359 - hubs_links_sats - INFO - Creating Satellite salesOrder...
2025-07-26 23:59:21,423 - hubs_links_sats - DEBUG - Satellite sat_salesOrder successfully updated/merged!
2025-07-26 23:59:21,423 - hubs_links_sats - INFO - Creating Satellite productCatalog...
2025-07-26 23:59:24,007 - hubs_links_sats - INFO - No changes detected for Sat_sat_productCatalog. Skipping merge.
2025-07-26 23:59:24,007 - hubs_links_sats - INFO - Creating Satellite returnsRefunds...
2025-07-26 23:59:26,485 - hubs_links_sats - INFO - No changes detected for Sat_sat_returnsRefunds. Skipping merge.
2025-07-26 23:59:26,485 - star_schema_scd - INFO - Creating Dim_customer
2025-07-26 23:59:28,515 - star_schema_scd - INFO - Total records after join: 18, new flagged records: 18
2025-07-26 23:59:35,356 - star_schema_scd - INFO - Merging into existing Delta table at C:\Program Files\sudarshan\cs_ecommerce_data_vault\delta\starSCD\dim_customer
2025-07-26 23:59:39,623 - star_schema_scd - DEBUG - Dim_customer successfully updated/merged!
2025-07-26 23:59:39,623 - star_schema_scd - INFO - Creating Dim_productCatalog
2025-07-26 23:59:41,268 - star_schema_scd - INFO - Total records after join: 10, new flagged records: 10
2025-07-26 23:59:47,697 - star_schema_scd - INFO - No changes detected for dim_productCatalog. Skipping merge.
2025-07-26 23:59:47,697 - star_schema_scd - INFO - Creating Fact_customerOrders by joining link and satellite tables
2025-07-26 23:59:52,611 - star_schema_scd - INFO - Merging into existing Delta table at C:\Program Files\sudarshan\cs_ecommerce_data_vault\delta\starSCD\fact_customerOrders
2025-07-26 23:59:58,161 - star_schema_scd - DEBUG - Fact_customerOrders merged successfully!
2025-07-26 23:59:58,161 - star_schema_scd - INFO - Creating Fact_returnRefunds by joining link and satellite tables
2025-07-27 00:00:03,624 - star_schema_scd - INFO - Merging into existing Delta table at C:\Program Files\sudarshan\cs_ecommerce_data_vault\delta\starSCD\fact_returnRefunds
2025-07-27 00:00:09,452 - star_schema_scd - DEBUG - Fact_returnRefunds merged successfully!
